<?xml version="1.0" encoding="UTF-8"?>
<testsuite name="TestStage3" tests="1" skipped="0" failures="1" errors="0" timestamp="2023-04-16T21:00:48" hostname="Jessies-iMac.local" time="0.222">
  <properties/>
  <testcase name="start" classname="TestStage3" time="0.222">
    <failure message="java.lang.AssertionError: Wrong answer in test #7&#10;&#10;Your program should output &quot;Changes are committed.&quot;,&#10;but printed: &quot;Nothing to commit.&#10;&quot;&#10;&#10;Please find below the output of your program during this failed test.&#10;&#10;---&#10;&#10;Arguments for MainKt: config Sofie637&#10;Arguments for MainKt: add first_file.txt&#10;Arguments for MainKt: add second_file.txt&#10;Arguments for MainKt: log&#10;Arguments for MainKt: commit&#10;Arguments for MainKt: commit &quot;Test message&quot;&#10;Arguments for MainKt: log&#10;Arguments for MainKt: commit &quot;Test message2&quot;&#10;Arguments for MainKt: commit &quot;Test message3&quot;&#10;&#10;The username is Sofie637.&#10;The file 'first_file.txt' is tracked.&#10;The file 'second_file.txt' is tracked.&#10;No commits yet.&#10;Message was not passed.&#10;Changes are committed.&#10;commit 95700820-8c6c-4f4c-a4f3-cb970012f462&#10;Author: Sofie637&#10;Test message&#10;Nothing to commit.&#10;Nothing to commit." type="java.lang.AssertionError">java.lang.AssertionError: Wrong answer in test #7

Your program should output &quot;Changes are committed.&quot;,
but printed: &quot;Nothing to commit.
&quot;

Please find below the output of your program during this failed test.

---

Arguments for MainKt: config Sofie637
Arguments for MainKt: add first_file.txt
Arguments for MainKt: add second_file.txt
Arguments for MainKt: log
Arguments for MainKt: commit
Arguments for MainKt: commit &quot;Test message&quot;
Arguments for MainKt: log
Arguments for MainKt: commit &quot;Test message2&quot;
Arguments for MainKt: commit &quot;Test message3&quot;

The username is Sofie637.
The file 'first_file.txt' is tracked.
The file 'second_file.txt' is tracked.
No commits yet.
Message was not passed.
Changes are committed.
commit 95700820-8c6c-4f4c-a4f3-cb970012f462
Author: Sofie637
Test message
Nothing to commit.
Nothing to commit.
	at org.junit.Assert.fail(Assert.java:89)
	at org.hyperskill.hstest.stage.StageTest.start(StageTest.java:203)
	at java.base/jdk.internal.reflect.NativeMethodAccessorImpl.invoke0(Native Method)
	at java.base/jdk.internal.reflect.NativeMethodAccessorImpl.invoke(NativeMethodAccessorImpl.java:77)
	at java.base/jdk.internal.reflect.DelegatingMethodAccessorImpl.invoke(DelegatingMethodAccessorImpl.java:43)
	at java.base/java.lang.reflect.Method.invoke(Method.java:568)
	at org.junit.runners.model.FrameworkMethod$1.runReflectiveCall(FrameworkMethod.java:59)
	at org.junit.internal.runners.model.ReflectiveCallable.run(ReflectiveCallable.java:12)
	at org.junit.runners.model.FrameworkMethod.invokeExplosively(FrameworkMethod.java:56)
	at org.junit.internal.runners.statements.InvokeMethod.evaluate(InvokeMethod.java:17)
	at org.junit.runners.ParentRunner$3.evaluate(ParentRunner.java:306)
	at org.junit.runners.BlockJUnit4ClassRunner$1.evaluate(BlockJUnit4ClassRunner.java:100)
	at org.junit.runners.ParentRunner.runLeaf(ParentRunner.java:366)
	at org.junit.runners.BlockJUnit4ClassRunner.runChild(BlockJUnit4ClassRunner.java:103)
	at org.junit.runners.BlockJUnit4ClassRunner.runChild(BlockJUnit4ClassRunner.java:63)
	at org.junit.runners.ParentRunner$4.run(ParentRunner.java:331)
	at org.junit.runners.ParentRunner$1.schedule(ParentRunner.java:79)
	at org.junit.runners.ParentRunner.runChildren(ParentRunner.java:329)
	at org.junit.runners.ParentRunner.access$100(ParentRunner.java:66)
	at org.junit.runners.ParentRunner$2.evaluate(ParentRunner.java:293)
	at org.junit.runners.ParentRunner$3.evaluate(ParentRunner.java:306)
	at org.junit.runners.ParentRunner.run(ParentRunner.java:413)
	at org.gradle.api.internal.tasks.testing.junit.JUnitTestClassExecutor.runTestClass(JUnitTestClassExecutor.java:110)
	at org.gradle.api.internal.tasks.testing.junit.JUnitTestClassExecutor.execute(JUnitTestClassExecutor.java:58)
	at org.gradle.api.internal.tasks.testing.junit.JUnitTestClassExecutor.execute(JUnitTestClassExecutor.java:38)
	at org.gradle.api.internal.tasks.testing.junit.AbstractJUnitTestClassProcessor.processTestClass(AbstractJUnitTestClassProcessor.java:62)
	at org.gradle.api.internal.tasks.testing.SuiteTestClassProcessor.processTestClass(SuiteTestClassProcessor.java:51)
	at java.base/jdk.internal.reflect.NativeMethodAccessorImpl.invoke0(Native Method)
	at java.base/jdk.internal.reflect.NativeMethodAccessorImpl.invoke(NativeMethodAccessorImpl.java:77)
	at java.base/jdk.internal.reflect.DelegatingMethodAccessorImpl.invoke(DelegatingMethodAccessorImpl.java:43)
	at java.base/java.lang.reflect.Method.invoke(Method.java:568)
	at org.gradle.internal.dispatch.ReflectionDispatch.dispatch(ReflectionDispatch.java:36)
	at org.gradle.internal.dispatch.ReflectionDispatch.dispatch(ReflectionDispatch.java:24)
	at org.gradle.internal.dispatch.ContextClassLoaderDispatch.dispatch(ContextClassLoaderDispatch.java:33)
	at org.gradle.internal.dispatch.ProxyDispatchAdapter$DispatchingInvocationHandler.invoke(ProxyDispatchAdapter.java:94)
	at jdk.proxy1/jdk.proxy1.$Proxy2.processTestClass(Unknown Source)
	at org.gradle.api.internal.tasks.testing.worker.TestWorker$2.run(TestWorker.java:176)
	at org.gradle.api.internal.tasks.testing.worker.TestWorker.executeAndMaintainThreadName(TestWorker.java:129)
	at org.gradle.api.internal.tasks.testing.worker.TestWorker.execute(TestWorker.java:100)
	at org.gradle.api.internal.tasks.testing.worker.TestWorker.execute(TestWorker.java:60)
	at org.gradle.process.internal.worker.child.ActionExecutionWorker.execute(ActionExecutionWorker.java:56)
	at org.gradle.process.internal.worker.child.SystemApplicationClassLoaderWorker.call(SystemApplicationClassLoaderWorker.java:133)
	at org.gradle.process.internal.worker.child.SystemApplicationClassLoaderWorker.call(SystemApplicationClassLoaderWorker.java:71)
	at worker.org.gradle.process.internal.worker.GradleWorkerMain.run(GradleWorkerMain.java:69)
	at worker.org.gradle.process.internal.worker.GradleWorkerMain.main(GradleWorkerMain.java:74)
</failure>
  </testcase>
  <system-out><![CDATA[?[1;31m
Start test 1?[0m
The username is Max.
?[1;31m
Start test 2?[0m
The file 'abc.txt' is tracked.
?[1;31m
Start test 3?[0m
These are SVCS commands:
config 	 Get and set a username.
add 	 Add a file to the index.
log 	 Show commit logs.
commit 	 Save changes.
checkout 	 Restore a file.
These are SVCS commands:
config 	 Get and set a username.
add 	 Add a file to the index.
log 	 Show commit logs.
commit 	 Save changes.
checkout 	 Restore a file.
?[1;31m
Start test 4?[0m
Please, tell me who you are.
The username is Max.
The username is Max.
The username is John.
The username is John.
?[1;31m
Start test 5?[0m
Add a file to the index.
The file 'file637.txt' is tracked.
Tracked files:
file637.txt
The file 'file653.txt' is tracked.
Tracked files:
file637.txt
file653.txt
Can't find 'file814.txt'.
?[1;31m
Start test 6?[0m
The username is Diane274.
The file 'first_file.txt' is tracked.
The file 'second_file.txt' is tracked.
Changes are committed.
?[1;31m
Start test 7?[0m
The username is Sofie637.
The file 'first_file.txt' is tracked.
The file 'second_file.txt' is tracked.
No commits yet.
Message was not passed.
Changes are committed.
commit 95700820-8c6c-4f4c-a4f3-cb970012f462
Author: Sofie637
Test message
Nothing to commit.
Nothing to commit.
]]></system-out>
  <system-err><![CDATA[]]></system-err>
</testsuite>
